<?xml version="1.0" encoding="UTF-8"?>
<!-- Generated by org.testng.reporters.JUnitReportReporter -->
<testsuite hostname="DESKTOP-DIA066U" failures="0" tests="4" name="Crud.GetDelay" time="0.033" errors="0" timestamp="2022-04-03T12:45:23 EET" skipped="0">
  <testcase classname="Crud.GetDelay" name="checkstatuscode" time="0.001"/>
  <system-out/>
  <testcase classname="Crud.GetDelay" name="checkbody" time="0.030"/>
  <system-out/>
  <testcase classname="Crud.GetDelay" name="contenttype" time="0.001"/>
  <system-out/>
  <testcase classname="Crud.GetDelay" name="checklincode" time="0.001"/>
  <system-out/>
</testsuite> <!-- Crud.GetDelay -->
