<?xml version="1.0" encoding="UTF-8"?>
<!-- Generated by org.testng.reporters.JUnitReportReporter -->
<testsuite hostname="DESKTOP-DIA066U" failures="0" tests="7" name="Crud.LoginPost" time="1.463" errors="0" timestamp="2022-04-03T12:45:23 EET" skipped="0">
  <testcase classname="Crud.LoginPost" name="contenttype" time="0.000"/>
  <system-out/>
  <testcase classname="Crud.LoginPost" name="post" time="0.368"/>
  <system-out/>
  <testcase classname="Crud.LoginPost" name="checkstatuscode" time="0.000"/>
  <system-out/>
  <testcase classname="Crud.LoginPost" name="post" time="0.722"/>
  <system-out/>
  <testcase classname="Crud.LoginPost" name="checkbody" time="0.009"/>
  <system-out/>
  <testcase classname="Crud.LoginPost" name="checklincode" time="0.000"/>
  <system-out/>
  <testcase classname="Crud.LoginPost" name="post" time="0.364"/>
  <system-out/>
</testsuite> <!-- Crud.LoginPost -->
