<?xml version="1.0" encoding="UTF-8"?>
<!-- Generated by org.testng.reporters.JUnitReportReporter -->
<testsuite hostname="DESKTOP-DIA066U" failures="0" tests="7" name="Crud.Post" time="1.059" errors="0" timestamp="2022-04-03T12:45:23 EET" skipped="0">
  <testcase classname="Crud.Post" name="post" time="0.356"/>
  <system-out/>
  <testcase classname="Crud.Post" name="checkbody" time="0.012"/>
  <system-out/>
  <testcase classname="Crud.Post" name="checklincode" time="0.001"/>
  <system-out/>
  <testcase classname="Crud.Post" name="post" time="0.339"/>
  <system-out/>
  <testcase classname="Crud.Post" name="contenttype" time="0.000"/>
  <system-out/>
  <testcase classname="Crud.Post" name="post" time="0.351"/>
  <system-out/>
  <testcase classname="Crud.Post" name="checkstatuscode" time="0.000"/>
  <system-out/>
</testsuite> <!-- Crud.Post -->
