<?xml version="1.0" encoding="UTF-8"?>
<!-- Generated by org.testng.reporters.JUnitReportReporter -->
<testsuite hostname="DESKTOP-DIA066U" failures="0" tests="4" name="Crud.Get" time="0.575" errors="0" timestamp="2022-04-03T12:45:23 EET" skipped="0">
  <testcase classname="Crud.Get" name="checkstatuscode" time="0.003"/>
  <system-out/>
  <testcase classname="Crud.Get" name="checkbody" time="0.571"/>
  <system-out/>
  <testcase classname="Crud.Get" name="contenttype" time="0.001"/>
  <system-out/>
  <testcase classname="Crud.Get" name="checklincode" time="0.000"/>
  <system-out/>
</testsuite> <!-- Crud.Get -->
