<?xml version="1.0" encoding="UTF-8"?>
<!-- Generated by org.testng.reporters.JUnitReportReporter -->
<testsuite hostname="DESKTOP-DIA066U" failures="0" tests="2" name="Crud.Delete" time="0.000" errors="0" timestamp="2022-04-03T12:45:23 EET" skipped="0">
  <testcase classname="Crud.Delete" name="checkstatuscode" time="0.000"/>
  <system-out/>
  <testcase classname="Crud.Delete" name="contenttype" time="0.000"/>
  <system-out/>
</testsuite> <!-- Crud.Delete -->
