<?xml version="1.0" encoding="UTF-8"?>
<!-- Generated by org.testng.reporters.JUnitReportReporter -->
<testsuite hostname="DESKTOP-DIA066U" failures="0" tests="4" name="Crud.Listusers" time="0.076" errors="0" timestamp="2022-04-03T12:45:23 EET" skipped="0">
  <testcase classname="Crud.Listusers" name="checkstatuscode" time="0.001"/>
  <system-out/>
  <testcase classname="Crud.Listusers" name="checkbody" time="0.074"/>
  <system-out/>
  <testcase classname="Crud.Listusers" name="contenttype" time="0.000"/>
  <system-out/>
  <testcase classname="Crud.Listusers" name="checklincode" time="0.001"/>
  <system-out/>
</testsuite> <!-- Crud.Listusers -->
