<?xml version="1.0" encoding="UTF-8"?>
<!-- Generated by org.testng.reporters.JUnitReportReporter -->
<testsuite hostname="DESKTOP-DIA066U" failures="0" tests="7" name="Crud.RegisterPost" time="1.381" errors="0" timestamp="2022-04-03T12:45:23 EET" skipped="0">
  <testcase classname="Crud.RegisterPost" name="checklincode" time="0.000"/>
  <system-out/>
  <testcase classname="Crud.RegisterPost" name="contenttype" time="0.000"/>
  <system-out/>
  <testcase classname="Crud.RegisterPost" name="post" time="0.355"/>
  <system-out/>
  <testcase classname="Crud.RegisterPost" name="post" time="0.347"/>
  <system-out/>
  <testcase classname="Crud.RegisterPost" name="checkstatuscode" time="0.001"/>
  <system-out/>
  <testcase classname="Crud.RegisterPost" name="checkbody" time="0.030"/>
  <system-out/>
  <testcase classname="Crud.RegisterPost" name="post" time="0.648"/>
  <system-out/>
</testsuite> <!-- Crud.RegisterPost -->
