<?xml version="1.0" encoding="UTF-8"?>
<!-- Generated by org.testng.reporters.JUnitReportReporter -->
<testsuite hostname="DESKTOP-DIA066U" failures="0" tests="7" name="Crud.UnLogin" time="1.242" errors="0" timestamp="2022-04-03T12:45:23 EET" skipped="0">
  <testcase classname="Crud.UnLogin" name="post" time="0.399"/>
  <system-out/>
  <testcase classname="Crud.UnLogin" name="checklincode" time="0.000"/>
  <system-out/>
  <testcase classname="Crud.UnLogin" name="contenttype" time="0.000"/>
  <system-out/>
  <testcase classname="Crud.UnLogin" name="checkstatuscode" time="0.000"/>
  <system-out/>
  <testcase classname="Crud.UnLogin" name="post" time="0.437"/>
  <system-out/>
  <testcase classname="Crud.UnLogin" name="checkbody" time="0.029"/>
  <system-out/>
  <testcase classname="Crud.UnLogin" name="post" time="0.377"/>
  <system-out/>
</testsuite> <!-- Crud.UnLogin -->
