<?xml version="1.0" encoding="UTF-8"?>
<!-- Generated by org.testng.reporters.JUnitReportReporter -->
<testsuite hostname="DESKTOP-DIA066U" failures="0" tests="4" name="Crud.SingleResources" time="0.038" errors="0" timestamp="2022-04-03T12:45:23 EET" skipped="0">
  <testcase classname="Crud.SingleResources" name="checkstatuscode" time="0.001"/>
  <system-out/>
  <testcase classname="Crud.SingleResources" name="checkbody" time="0.037"/>
  <system-out/>
  <testcase classname="Crud.SingleResources" name="contenttype" time="0.000"/>
  <system-out/>
  <testcase classname="Crud.SingleResources" name="checklincode" time="0.000"/>
  <system-out/>
</testsuite> <!-- Crud.SingleResources -->
